# JRE version: OpenJDK Runtime Environment (21.0.7) (build 21.0.7+-13880790-b1038.58)
# Java VM: OpenJDK 64-Bit Server VM (21.0.7+-13880790-b1038.58, mixed mode, tiered, compressed oops, compressed class ptrs, g1 gc, windows-amd64)
GC Precious Log:
 CardTable entry size: 512
 Card Set container configuration: InlinePtr #cards 5 size 8 Array Of Cards #cards 12 size 40 Howl #buckets 4 coarsen threshold 1843 Howl Bitmap #cards 512 size 80 coarsen threshold 460 Card regions per heap region 1 cards per card region 2048
 CPUs: 8 total, 8 available
 Memory: 24469M
 Large Page Support: Disabled
 NUMA Support: Disabled
 Compressed Oops: Enabled (32-bit)
 Heap Region Size: 1M
 Heap Min Capacity: 8M
 Heap Initial Capacity: 384M
 Heap Max Capacity: 2G
 Pre-touch: Disabled
 Parallel Workers: 8
 Concurrent Workers: 2
 Concurrent Refinement Workers: 8
 Periodic GC: Disabled
Heap:
 garbage-first heap   total 333824K, used 260043K [0x0000000080000000, 0x0000000100000000)
  region size 1024K, 37 young (37888K), 12 survivors (12288K)
 Metaspace       used 163065K, committed 165568K, reserved 1245184K
  class space    used 21805K, committed 23040K, reserved 1048576K
GC Heap History (20 events):
Event: 20.075 GC heap before
{Heap before GC invocations=42 (full 0):
 garbage-first heap   total 237568K, used 156999K [0x0000000080000000, 0x0000000100000000)
  region size 1024K, 20 young (20480K), 6 survivors (6144K)
 Metaspace       used 146885K, committed 149248K, reserved 1179648K
  class space    used 20388K, committed 21568K, reserved 1048576K
}
Event: 20.081 GC heap after
{Heap after GC invocations=43 (full 0):
 garbage-first heap   total 237568K, used 145747K [0x0000000080000000, 0x0000000100000000)
  region size 1024K, 5 young (5120K), 5 survivors (5120K)
 Metaspace       used 146885K, committed 149248K, reserved 1179648K
  class space    used 20388K, committed 21568K, reserved 1048576K
}
Event: 64.884 GC heap before
{Heap before GC invocations=44 (full 0):
 garbage-first heap   total 275456K, used 234835K [0x0000000080000000, 0x0000000100000000)
  region size 1024K, 75 young (76800K), 5 survivors (5120K)
 Metaspace       used 153479K, committed 155904K, reserved 1245184K
  class space    used 21031K, committed 22208K, reserved 1048576K
}
Event: 64.890 GC heap after
{Heap after GC invocations=45 (full 0):
 garbage-first heap   total 275456K, used 147056K [0x0000000080000000, 0x0000000100000000)
  region size 1024K, 7 young (7168K), 7 survivors (7168K)
 Metaspace       used 153479K, committed 155904K, reserved 1245184K
  class space    used 21031K, committed 22208K, reserved 1048576K
}
Event: 66.059 GC heap before
{Heap before GC invocations=45 (full 0):
 garbage-first heap   total 275456K, used 251504K [0x0000000080000000, 0x0000000100000000)
  region size 1024K, 110 young (112640K), 7 survivors (7168K)
 Metaspace       used 154219K, committed 156608K, reserved 1245184K
  class space    used 21036K, committed 22208K, reserved 1048576K
}
Event: 66.078 GC heap after
{Heap after GC invocations=46 (full 0):
 garbage-first heap   total 275456K, used 156238K [0x0000000080000000, 0x0000000100000000)
  region size 1024K, 14 young (14336K), 14 survivors (14336K)
 Metaspace       used 154219K, committed 156608K, reserved 1245184K
  class space    used 21036K, committed 22208K, reserved 1048576K
}
Event: 67.458 GC heap before
{Heap before GC invocations=46 (full 0):
 garbage-first heap   total 275456K, used 221774K [0x0000000080000000, 0x0000000100000000)
  region size 1024K, 80 young (81920K), 14 survivors (14336K)
 Metaspace       used 155351K, committed 157760K, reserved 1245184K
  class space    used 21144K, committed 22336K, reserved 1048576K
}
Event: 67.474 GC heap after
{Heap after GC invocations=47 (full 0):
 garbage-first heap   total 275456K, used 165466K [0x0000000080000000, 0x0000000100000000)
  region size 1024K, 9 young (9216K), 9 survivors (9216K)
 Metaspace       used 155351K, committed 157760K, reserved 1245184K
  class space    used 21144K, committed 22336K, reserved 1048576K
}
Event: 117.553 GC heap before
{Heap before GC invocations=48 (full 0):
 garbage-first heap   total 307200K, used 268890K [0x0000000080000000, 0x0000000100000000)
  region size 1024K, 92 young (94208K), 9 survivors (9216K)
 Metaspace       used 155615K, committed 158080K, reserved 1245184K
  class space    used 21147K, committed 22336K, reserved 1048576K
}
Event: 117.564 GC heap after
{Heap after GC invocations=49 (full 0):
 garbage-first heap   total 307200K, used 173270K [0x0000000080000000, 0x0000000100000000)
  region size 1024K, 9 young (9216K), 9 survivors (9216K)
 Metaspace       used 155615K, committed 158080K, reserved 1245184K
  class space    used 21147K, committed 22336K, reserved 1048576K
}
Event: 290.441 GC heap before
{Heap before GC invocations=49 (full 0):
 garbage-first heap   total 307200K, used 298198K [0x0000000080000000, 0x0000000100000000)
  region size 1024K, 114 young (116736K), 9 survivors (9216K)
 Metaspace       used 156291K, committed 158720K, reserved 1245184K
  class space    used 21159K, committed 22336K, reserved 1048576K
}
Event: 290.445 GC heap after
{Heap after GC invocations=50 (full 0):
 garbage-first heap   total 307200K, used 166488K [0x0000000080000000, 0x0000000100000000)
  region size 1024K, 2 young (2048K), 2 survivors (2048K)
 Metaspace       used 156291K, committed 158720K, reserved 1245184K
  class space    used 21159K, committed 22336K, reserved 1048576K
}
Event: 292.363 GC heap before
{Heap before GC invocations=50 (full 0):
 garbage-first heap   total 307200K, used 283224K [0x0000000080000000, 0x0000000100000000)
  region size 1024K, 117 young (119808K), 2 survivors (2048K)
 Metaspace       used 156621K, committed 159104K, reserved 1245184K
  class space    used 21165K, committed 22400K, reserved 1048576K
}
Event: 292.374 GC heap after
{Heap after GC invocations=51 (full 0):
 garbage-first heap   total 307200K, used 178776K [0x0000000080000000, 0x0000000100000000)
  region size 1024K, 14 young (14336K), 14 survivors (14336K)
 Metaspace       used 156621K, committed 159104K, reserved 1245184K
  class space    used 21165K, committed 22400K, reserved 1048576K
}
Event: 704.868 GC heap before
{Heap before GC invocations=52 (full 0):
 garbage-first heap   total 307200K, used 294488K [0x0000000080000000, 0x0000000100000000)
  region size 1024K, 110 young (112640K), 14 survivors (14336K)
 Metaspace       used 157114K, committed 159616K, reserved 1245184K
  class space    used 21171K, committed 22400K, reserved 1048576K
}
Event: 704.876 GC heap after
{Heap after GC invocations=53 (full 0):
 garbage-first heap   total 307200K, used 172637K [0x0000000080000000, 0x0000000100000000)
  region size 1024K, 6 young (6144K), 6 survivors (6144K)
 Metaspace       used 157114K, committed 159616K, reserved 1245184K
  class space    used 21171K, committed 22400K, reserved 1048576K
}
Event: 706.359 GC heap before
{Heap before GC invocations=53 (full 0):
 garbage-first heap   total 307200K, used 291421K [0x0000000080000000, 0x0000000100000000)
  region size 1024K, 113 young (115712K), 6 survivors (6144K)
 Metaspace       used 159371K, committed 161792K, reserved 1245184K
  class space    used 21398K, committed 22592K, reserved 1048576K
}
Event: 706.384 GC heap after
{Heap after GC invocations=54 (full 0):
 garbage-first heap   total 333824K, used 199195K [0x0000000080000000, 0x0000000100000000)
  region size 1024K, 15 young (15360K), 15 survivors (15360K)
 Metaspace       used 159371K, committed 161792K, reserved 1245184K
  class space    used 21398K, committed 22592K, reserved 1048576K
}
Event: 706.831 GC heap before
{Heap before GC invocations=54 (full 0):
 garbage-first heap   total 333824K, used 252443K [0x0000000080000000, 0x0000000100000000)
  region size 1024K, 68 young (69632K), 15 survivors (15360K)
 Metaspace       used 161491K, committed 163968K, reserved 1245184K
  class space    used 21674K, committed 22912K, reserved 1048576K
}
Event: 706.853 GC heap after
{Heap after GC invocations=55 (full 0):
 garbage-first heap   total 333824K, used 210891K [0x0000000080000000, 0x0000000100000000)
  region size 1024K, 12 young (12288K), 12 survivors (12288K)
 Metaspace       used 161491K, committed 163968K, reserved 1245184K
  class space    used 21674K, committed 22912K, reserved 1048576K
}

