# JRE version: OpenJDK Runtime Environment (21.0.7) (build 21.0.7+-13880790-b1038.58)
# Java VM: OpenJDK 64-Bit Server VM (21.0.7+-13880790-b1038.58, mixed mode, tiered, compressed oops, compressed class ptrs, g1 gc, windows-amd64)
GC Precious Log:
 CardTable entry size: 512
 Card Set container configuration: InlinePtr #cards 5 size 8 Array Of Cards #cards 12 size 40 Howl #buckets 4 coarsen threshold 1843 Howl Bitmap #cards 512 size 80 coarsen threshold 460 Card regions per heap region 1 cards per card region 2048
 CPUs: 8 total, 8 available
 Memory: 24469M
 Large Page Support: Disabled
 NUMA Support: Disabled
 Compressed Oops: Enabled (32-bit)
 Heap Region Size: 1M
 Heap Min Capacity: 8M
 Heap Initial Capacity: 384M
 Heap Max Capacity: 2G
 Pre-touch: Disabled
 Parallel Workers: 8
 Concurrent Workers: 2
 Concurrent Refinement Workers: 8
 Periodic GC: Disabled
Heap:
 garbage-first heap   total 464896K, used 432553K [0x0000000080000000, 0x0000000100000000)
  region size 1024K, 129 young (132096K), 4 survivors (4096K)
 Metaspace       used 275541K, committed 278336K, reserved 1310720K
  class space    used 35567K, committed 36928K, reserved 1048576K
GC Heap History (20 events):
Event: 312.380 GC heap after
{Heap after GC invocations=63 (full 0):
 garbage-first heap   total 435200K, used 241813K [0x0000000080000000, 0x0000000100000000)
  region size 1024K, 5 young (5120K), 5 survivors (5120K)
 Metaspace       used 256409K, committed 259072K, reserved 1310720K
  class space    used 33638K, committed 34944K, reserved 1048576K
}
Event: 313.925 GC heap before
{Heap before GC invocations=64 (full 0):
 garbage-first heap   total 435200K, used 393365K [0x0000000080000000, 0x0000000100000000)
  region size 1024K, 151 young (154624K), 5 survivors (5120K)
 Metaspace       used 264016K, committed 266688K, reserved 1310720K
  class space    used 34520K, committed 35840K, reserved 1048576K
}
Event: 313.940 GC heap after
{Heap after GC invocations=65 (full 0):
 garbage-first heap   total 435200K, used 269312K [0x0000000080000000, 0x0000000100000000)
  region size 1024K, 19 young (19456K), 19 survivors (19456K)
 Metaspace       used 264016K, committed 266688K, reserved 1310720K
  class space    used 34520K, committed 35840K, reserved 1048576K
}
Event: 317.146 GC heap before
{Heap before GC invocations=65 (full 0):
 garbage-first heap   total 435200K, used 400384K [0x0000000080000000, 0x0000000100000000)
  region size 1024K, 140 young (143360K), 19 survivors (19456K)
 Metaspace       used 265301K, committed 268032K, reserved 1310720K
  class space    used 34614K, committed 35904K, reserved 1048576K
}
Event: 317.171 GC heap after
{Heap after GC invocations=66 (full 0):
 garbage-first heap   total 442368K, used 266438K [0x0000000080000000, 0x0000000100000000)
  region size 1024K, 12 young (12288K), 12 survivors (12288K)
 Metaspace       used 265301K, committed 268032K, reserved 1310720K
  class space    used 34614K, committed 35904K, reserved 1048576K
}
Event: 317.376 GC heap before
{Heap before GC invocations=66 (full 0):
 garbage-first heap   total 442368K, used 273606K [0x0000000080000000, 0x0000000100000000)
  region size 1024K, 20 young (20480K), 12 survivors (12288K)
 Metaspace       used 265313K, committed 268032K, reserved 1310720K
  class space    used 34614K, committed 35904K, reserved 1048576K
}
Event: 317.382 GC heap after
{Heap after GC invocations=67 (full 0):
 garbage-first heap   total 442368K, used 268193K [0x0000000080000000, 0x0000000100000000)
  region size 1024K, 4 young (4096K), 4 survivors (4096K)
 Metaspace       used 265313K, committed 268032K, reserved 1310720K
  class space    used 34614K, committed 35904K, reserved 1048576K
}
Event: 318.794 GC heap before
{Heap before GC invocations=68 (full 0):
 garbage-first heap   total 450560K, used 391073K [0x0000000080000000, 0x0000000100000000)
  region size 1024K, 123 young (125952K), 4 survivors (4096K)
 Metaspace       used 277240K, committed 280000K, reserved 1310720K
  class space    used 36044K, committed 37376K, reserved 1048576K
}
Event: 318.804 GC heap after
{Heap after GC invocations=69 (full 0):
 garbage-first heap   total 450560K, used 278851K [0x0000000080000000, 0x0000000100000000)
  region size 1024K, 15 young (15360K), 15 survivors (15360K)
 Metaspace       used 277240K, committed 280000K, reserved 1310720K
  class space    used 36044K, committed 37376K, reserved 1048576K
}
Event: 320.217 GC heap before
{Heap before GC invocations=69 (full 0):
 garbage-first heap   total 450560K, used 401731K [0x0000000080000000, 0x0000000100000000)
  region size 1024K, 134 young (137216K), 15 survivors (15360K)
 Metaspace       used 281439K, committed 284224K, reserved 1310720K
  class space    used 36595K, committed 37952K, reserved 1048576K
}
Event: 320.245 GC heap after
{Heap after GC invocations=70 (full 0):
 garbage-first heap   total 450560K, used 262417K [0x0000000080000000, 0x0000000100000000)
  region size 1024K, 10 young (10240K), 10 survivors (10240K)
 Metaspace       used 281439K, committed 284224K, reserved 1310720K
  class space    used 36595K, committed 37952K, reserved 1048576K
}
Event: 372.225 GC heap before
{Heap before GC invocations=70 (full 0):
 garbage-first heap   total 450560K, used 411921K [0x0000000080000000, 0x0000000100000000)
  region size 1024K, 138 young (141312K), 10 survivors (10240K)
 Metaspace       used 282118K, committed 284864K, reserved 1310720K
  class space    used 36600K, committed 37952K, reserved 1048576K
}
Event: 372.244 GC heap after
{Heap after GC invocations=71 (full 0):
 garbage-first heap   total 450560K, used 258455K [0x0000000080000000, 0x0000000100000000)
  region size 1024K, 13 young (13312K), 13 survivors (13312K)
 Metaspace       used 282118K, committed 284864K, reserved 1310720K
  class space    used 36600K, committed 37952K, reserved 1048576K
}
Event: 373.218 GC heap before
{Heap before GC invocations=71 (full 0):
 garbage-first heap   total 450560K, used 340375K [0x0000000080000000, 0x0000000100000000)
  region size 1024K, 95 young (97280K), 13 survivors (13312K)
 Metaspace       used 282318K, committed 285056K, reserved 1310720K
  class space    used 36612K, committed 37952K, reserved 1048576K
}
Event: 373.234 GC heap after
{Heap after GC invocations=72 (full 0):
 garbage-first heap   total 450560K, used 266977K [0x0000000080000000, 0x0000000100000000)
  region size 1024K, 17 young (17408K), 17 survivors (17408K)
 Metaspace       used 282318K, committed 285056K, reserved 1310720K
  class space    used 36612K, committed 37952K, reserved 1048576K
}
Event: 374.641 GC heap before
{Heap before GC invocations=73 (full 0):
 garbage-first heap   total 450560K, used 403169K [0x0000000080000000, 0x0000000100000000)
  region size 1024K, 148 young (151552K), 17 survivors (17408K)
 Metaspace       used 273848K, committed 276544K, reserved 1310720K
  class space    used 35468K, committed 36800K, reserved 1048576K
}
Event: 374.663 GC heap after
{Heap after GC invocations=74 (full 0):
 garbage-first heap   total 450560K, used 292731K [0x0000000080000000, 0x0000000100000000)
  region size 1024K, 19 young (19456K), 19 survivors (19456K)
 Metaspace       used 273848K, committed 276544K, reserved 1310720K
  class space    used 35468K, committed 36800K, reserved 1048576K
}
Event: 376.925 GC heap before
{Heap before GC invocations=74 (full 0):
 garbage-first heap   total 450560K, used 408443K [0x0000000080000000, 0x0000000100000000)
  region size 1024K, 131 young (134144K), 19 survivors (19456K)
 Metaspace       used 274874K, committed 277568K, reserved 1310720K
  class space    used 35567K, committed 36928K, reserved 1048576K
}
Event: 376.965 GC heap after
{Heap after GC invocations=75 (full 0):
 garbage-first heap   total 464896K, used 283049K [0x0000000080000000, 0x0000000100000000)
  region size 1024K, 16 young (16384K), 16 survivors (16384K)
 Metaspace       used 274874K, committed 277568K, reserved 1310720K
  class space    used 35567K, committed 36928K, reserved 1048576K
}
Event: 1267.507 GC heap before
{Heap before GC invocations=75 (full 0):
 garbage-first heap   total 464896K, used 431529K [0x0000000080000000, 0x0000000100000000)
  region size 1024K, 141 young (144384K), 16 survivors (16384K)
 Metaspace       used 275541K, committed 278336K, reserved 1310720K
  class space    used 35567K, committed 36928K, reserved 1048576K
}

